<?xml version="1.0" encoding="UTF-8"?>
<!-- Generated by org.testng.reporters.JUnitReportReporter -->
<testsuite skipped="0" hostname="MAVBCP203" name="com.maveric.scuba.tests.parabank.ParaBank_TestNG" tests="3" failures="0" timestamp="2020-08-05T17:35:52 GMT+05:30" time="37.578" errors="3">
  <testcase name="Register_User" time="13.578" classname="com.maveric.scuba.tests.parabank.ParaBank_TestNG">
    <error type="java.lang.RuntimeException" message="java.io.IOException: Stream closed">
      <![CDATA[java.lang.RuntimeException: java.io.IOException: Stream closed
at io.cucumber.core.plugin.NiceAppendable.append(NiceAppendable.java:29)
at io.cucumber.core.plugin.NiceAppendable.println(NiceAppendable.java:20)
at io.cucumber.core.plugin.PrettyFormatter.handleWrite(PrettyFormatter.java:71)
at io.cucumber.core.eventbus.AbstractEventPublisher.send(AbstractEventPublisher.java:51)
at io.cucumber.core.eventbus.AbstractEventBus.send(AbstractEventBus.java:12)
at io.cucumber.core.runtime.SynchronizedEventBus.send(SynchronizedEventBus.java:47)
at io.cucumber.core.runtime.ThreadLocalRunnerSupplier$LocalEventBus.send(ThreadLocalRunnerSupplier.java:66)
at io.cucumber.core.runner.TestCaseState.log(TestCaseState.java:101)
at io.cucumber.java.Scenario.log(Scenario.java:100)
at com.maveric.core.utils.reporter.Report.log(Report.java:17)
at com.maveric.core.utils.web.WebActions.logScreenshot(WebActions.java:25)
at com.maveric.scuba.utils.Scubautils.urllaunch(Scubautils.java:52)
at com.maveric.scuba.tests.parabank.ParaBank.launch(ParaBank.java:38)
at com.maveric.scuba.tests.parabank.ParaBank_TestNG.Register_User(ParaBank_TestNG.java:20)
at sun.reflect.NativeMethodAccessorImpl.invoke0(Native Method)
at sun.reflect.NativeMethodAccessorImpl.invoke(NativeMethodAccessorImpl.java:62)
at sun.reflect.DelegatingMethodAccessorImpl.invoke(DelegatingMethodAccessorImpl.java:43)
at java.lang.reflect.Method.invoke(Method.java:498)
at org.testng.internal.MethodInvocationHelper.invokeMethod(MethodInvocationHelper.java:134)
at org.testng.internal.TestInvoker.invokeMethod(TestInvoker.java:597)
at org.testng.internal.TestInvoker.invokeTestMethod(TestInvoker.java:173)
at org.testng.internal.MethodRunner.runInSequence(MethodRunner.java:46)
at org.testng.internal.TestInvoker$MethodInvocationAgent.invoke(TestInvoker.java:816)
at org.testng.internal.TestInvoker.invokeTestMethods(TestInvoker.java:146)
at org.testng.internal.TestMethodWorker.invokeTestMethods(TestMethodWorker.java:146)
at org.testng.internal.TestMethodWorker.run(TestMethodWorker.java:128)
at java.util.ArrayList.forEach(ArrayList.java:1257)
at org.testng.TestRunner.privateRun(TestRunner.java:766)
at org.testng.TestRunner.run(TestRunner.java:587)
at org.testng.SuiteRunner.runTest(SuiteRunner.java:384)
at org.testng.SuiteRunner.access$000(SuiteRunner.java:28)
at org.testng.SuiteRunner$SuiteWorker.run(SuiteRunner.java:425)
at org.testng.internal.thread.ThreadUtil.lambda$execute$0(ThreadUtil.java:68)
at java.util.concurrent.FutureTask.run(FutureTask.java:266)
at java.util.concurrent.ThreadPoolExecutor.runWorker(ThreadPoolExecutor.java:1149)
at java.util.concurrent.ThreadPoolExecutor$Worker.run(ThreadPoolExecutor.java:624)
at java.lang.Thread.run(Thread.java:748)
Caused by: java.io.IOException: Stream closed
at sun.nio.cs.StreamEncoder.ensureOpen(StreamEncoder.java:45)
at sun.nio.cs.StreamEncoder.write(StreamEncoder.java:118)
at sun.nio.cs.StreamEncoder.write(StreamEncoder.java:135)
at java.io.OutputStreamWriter.write(OutputStreamWriter.java:220)
at java.io.Writer.write(Writer.java:157)
at java.io.Writer.append(Writer.java:227)
at java.io.Writer.append(Writer.java:50)
at io.cucumber.core.plugin.NiceAppendable.append(NiceAppendable.java:25)
... 36 more
]]>
    </error>
  </testcase> <!-- Register_User -->
  <system-out/>
  <testcase name="Paralogin" time="12.097" classname="com.maveric.scuba.tests.parabank.ParaBank_TestNG">
    <error type="java.lang.RuntimeException" message="java.io.IOException: Stream closed">
      <![CDATA[java.lang.RuntimeException: java.io.IOException: Stream closed
at io.cucumber.core.plugin.NiceAppendable.append(NiceAppendable.java:29)
at io.cucumber.core.plugin.NiceAppendable.println(NiceAppendable.java:20)
at io.cucumber.core.plugin.PrettyFormatter.handleWrite(PrettyFormatter.java:71)
at io.cucumber.core.eventbus.AbstractEventPublisher.send(AbstractEventPublisher.java:51)
at io.cucumber.core.eventbus.AbstractEventBus.send(AbstractEventBus.java:12)
at io.cucumber.core.runtime.SynchronizedEventBus.send(SynchronizedEventBus.java:47)
at io.cucumber.core.runtime.ThreadLocalRunnerSupplier$LocalEventBus.send(ThreadLocalRunnerSupplier.java:66)
at io.cucumber.core.runner.TestCaseState.log(TestCaseState.java:101)
at io.cucumber.java.Scenario.log(Scenario.java:100)
at com.maveric.core.utils.reporter.Report.log(Report.java:17)
at com.maveric.core.utils.web.WebActions.logScreenshot(WebActions.java:25)
at com.maveric.scuba.utils.Scubautils.urllaunch(Scubautils.java:52)
at com.maveric.scuba.tests.parabank.ParaBank.launch(ParaBank.java:38)
at com.maveric.scuba.tests.parabank.ParaBank_TestNG.Paralogin(ParaBank_TestNG.java:29)
at sun.reflect.NativeMethodAccessorImpl.invoke0(Native Method)
at sun.reflect.NativeMethodAccessorImpl.invoke(NativeMethodAccessorImpl.java:62)
at sun.reflect.DelegatingMethodAccessorImpl.invoke(DelegatingMethodAccessorImpl.java:43)
at java.lang.reflect.Method.invoke(Method.java:498)
at org.testng.internal.MethodInvocationHelper.invokeMethod(MethodInvocationHelper.java:134)
at org.testng.internal.TestInvoker.invokeMethod(TestInvoker.java:597)
at org.testng.internal.TestInvoker.invokeTestMethod(TestInvoker.java:173)
at org.testng.internal.MethodRunner.runInSequence(MethodRunner.java:46)
at org.testng.internal.TestInvoker$MethodInvocationAgent.invoke(TestInvoker.java:816)
at org.testng.internal.TestInvoker.invokeTestMethods(TestInvoker.java:146)
at org.testng.internal.TestMethodWorker.invokeTestMethods(TestMethodWorker.java:146)
at org.testng.internal.TestMethodWorker.run(TestMethodWorker.java:128)
at java.util.ArrayList.forEach(ArrayList.java:1257)
at org.testng.TestRunner.privateRun(TestRunner.java:766)
at org.testng.TestRunner.run(TestRunner.java:587)
at org.testng.SuiteRunner.runTest(SuiteRunner.java:384)
at org.testng.SuiteRunner.access$000(SuiteRunner.java:28)
at org.testng.SuiteRunner$SuiteWorker.run(SuiteRunner.java:425)
at org.testng.internal.thread.ThreadUtil.lambda$execute$0(ThreadUtil.java:68)
at java.util.concurrent.FutureTask.run(FutureTask.java:266)
at java.util.concurrent.ThreadPoolExecutor.runWorker(ThreadPoolExecutor.java:1149)
at java.util.concurrent.ThreadPoolExecutor$Worker.run(ThreadPoolExecutor.java:624)
at java.lang.Thread.run(Thread.java:748)
Caused by: java.io.IOException: Stream closed
at sun.nio.cs.StreamEncoder.ensureOpen(StreamEncoder.java:45)
at sun.nio.cs.StreamEncoder.write(StreamEncoder.java:118)
at sun.nio.cs.StreamEncoder.write(StreamEncoder.java:135)
at java.io.OutputStreamWriter.write(OutputStreamWriter.java:220)
at java.io.Writer.write(Writer.java:157)
at java.io.Writer.append(Writer.java:227)
at java.io.Writer.append(Writer.java:50)
at io.cucumber.core.plugin.NiceAppendable.append(NiceAppendable.java:25)
... 36 more
]]>
    </error>
  </testcase> <!-- Paralogin -->
  <system-out/>
  <testcase name="AccountCreation" time="11.903" classname="com.maveric.scuba.tests.parabank.ParaBank_TestNG">
    <error type="java.lang.RuntimeException" message="java.io.IOException: Stream closed">
      <![CDATA[java.lang.RuntimeException: java.io.IOException: Stream closed
at io.cucumber.core.plugin.NiceAppendable.append(NiceAppendable.java:29)
at io.cucumber.core.plugin.NiceAppendable.println(NiceAppendable.java:20)
at io.cucumber.core.plugin.PrettyFormatter.handleWrite(PrettyFormatter.java:71)
at io.cucumber.core.eventbus.AbstractEventPublisher.send(AbstractEventPublisher.java:51)
at io.cucumber.core.eventbus.AbstractEventBus.send(AbstractEventBus.java:12)
at io.cucumber.core.runtime.SynchronizedEventBus.send(SynchronizedEventBus.java:47)
at io.cucumber.core.runtime.ThreadLocalRunnerSupplier$LocalEventBus.send(ThreadLocalRunnerSupplier.java:66)
at io.cucumber.core.runner.TestCaseState.log(TestCaseState.java:101)
at io.cucumber.java.Scenario.log(Scenario.java:100)
at com.maveric.core.utils.reporter.Report.log(Report.java:17)
at com.maveric.core.utils.web.WebActions.logScreenshot(WebActions.java:25)
at com.maveric.scuba.utils.Scubautils.urllaunch(Scubautils.java:52)
at com.maveric.scuba.tests.parabank.ParaBank.launch(ParaBank.java:38)
at com.maveric.scuba.tests.parabank.ParaBank_TestNG.AccountCreation(ParaBank_TestNG.java:38)
at sun.reflect.NativeMethodAccessorImpl.invoke0(Native Method)
at sun.reflect.NativeMethodAccessorImpl.invoke(NativeMethodAccessorImpl.java:62)
at sun.reflect.DelegatingMethodAccessorImpl.invoke(DelegatingMethodAccessorImpl.java:43)
at java.lang.reflect.Method.invoke(Method.java:498)
at org.testng.internal.MethodInvocationHelper.invokeMethod(MethodInvocationHelper.java:134)
at org.testng.internal.TestInvoker.invokeMethod(TestInvoker.java:597)
at org.testng.internal.TestInvoker.invokeTestMethod(TestInvoker.java:173)
at org.testng.internal.MethodRunner.runInSequence(MethodRunner.java:46)
at org.testng.internal.TestInvoker$MethodInvocationAgent.invoke(TestInvoker.java:816)
at org.testng.internal.TestInvoker.invokeTestMethods(TestInvoker.java:146)
at org.testng.internal.TestMethodWorker.invokeTestMethods(TestMethodWorker.java:146)
at org.testng.internal.TestMethodWorker.run(TestMethodWorker.java:128)
at java.util.ArrayList.forEach(ArrayList.java:1257)
at org.testng.TestRunner.privateRun(TestRunner.java:766)
at org.testng.TestRunner.run(TestRunner.java:587)
at org.testng.SuiteRunner.runTest(SuiteRunner.java:384)
at org.testng.SuiteRunner.access$000(SuiteRunner.java:28)
at org.testng.SuiteRunner$SuiteWorker.run(SuiteRunner.java:425)
at org.testng.internal.thread.ThreadUtil.lambda$execute$0(ThreadUtil.java:68)
at java.util.concurrent.FutureTask.run(FutureTask.java:266)
at java.util.concurrent.ThreadPoolExecutor.runWorker(ThreadPoolExecutor.java:1149)
at java.util.concurrent.ThreadPoolExecutor$Worker.run(ThreadPoolExecutor.java:624)
at java.lang.Thread.run(Thread.java:748)
Caused by: java.io.IOException: Stream closed
at sun.nio.cs.StreamEncoder.ensureOpen(StreamEncoder.java:45)
at sun.nio.cs.StreamEncoder.write(StreamEncoder.java:118)
at sun.nio.cs.StreamEncoder.write(StreamEncoder.java:135)
at java.io.OutputStreamWriter.write(OutputStreamWriter.java:220)
at java.io.Writer.write(Writer.java:157)
at java.io.Writer.append(Writer.java:227)
at java.io.Writer.append(Writer.java:50)
at io.cucumber.core.plugin.NiceAppendable.append(NiceAppendable.java:25)
... 36 more
]]>
    </error>
  </testcase> <!-- AccountCreation -->
  <system-out/>
</testsuite> <!-- com.maveric.scuba.tests.parabank.ParaBank_TestNG -->
